c:\users\labuser\desktop\legendterrain\legendterrain\legendterrain\x64\debug\vc143.pdb
c:\users\labuser\desktop\legendterrain\legendterrain\legendterrain\x64\debug\vc143.idb
c:\users\labuser\desktop\legendterrain\legendterrain\legendterrain\x64\debug\texture.obj
c:\users\labuser\desktop\legendterrain\legendterrain\legendterrain\x64\debug\sprite.obj
c:\users\labuser\desktop\legendterrain\legendterrain\legendterrain\x64\debug\shader.obj
c:\users\labuser\desktop\legendterrain\legendterrain\legendterrain\x64\debug\main.obj
c:\users\labuser\desktop\legendterrain\legendterrain\legendterrain\x64\debug\game.obj
c:\users\labuser\desktop\legendterrain\legendterrain\legendterrain\x64\debug\engine.obj
c:\users\labuser\desktop\legendterrain\legendterrain\x64\debug\legendterrain.pdb
c:\users\labuser\desktop\legendterrain\legendterrain\legendterrain\x64\debug\legendterrain.tlog\cl.command.1.tlog
c:\users\labuser\desktop\legendterrain\legendterrain\legendterrain\x64\debug\legendterrain.tlog\cl.items.tlog
c:\users\labuser\desktop\legendterrain\legendterrain\legendterrain\x64\debug\legendterrain.tlog\cl.read.1.tlog
c:\users\labuser\desktop\legendterrain\legendterrain\legendterrain\x64\debug\legendterrain.tlog\cl.write.1.tlog
c:\users\labuser\desktop\legendterrain\legendterrain\legendterrain\x64\debug\legendterrain.tlog\link-cvtres.read.1.tlog
c:\users\labuser\desktop\legendterrain\legendterrain\legendterrain\x64\debug\legendterrain.tlog\link-cvtres.write.1.tlog
c:\users\labuser\desktop\legendterrain\legendterrain\legendterrain\x64\debug\legendterrain.tlog\link-rc.read.1.tlog
c:\users\labuser\desktop\legendterrain\legendterrain\legendterrain\x64\debug\legendterrain.tlog\link-rc.write.1.tlog
c:\users\labuser\desktop\legendterrain\legendterrain\legendterrain\x64\debug\legendterrain.tlog\link.19104-cvtres.read.1.tlog
c:\users\labuser\desktop\legendterrain\legendterrain\legendterrain\x64\debug\legendterrain.tlog\link.19104-cvtres.write.1.tlog
c:\users\labuser\desktop\legendterrain\legendterrain\legendterrain\x64\debug\legendterrain.tlog\link.19104-rc.read.1.tlog
c:\users\labuser\desktop\legendterrain\legendterrain\legendterrain\x64\debug\legendterrain.tlog\link.19104-rc.write.1.tlog
c:\users\labuser\desktop\legendterrain\legendterrain\legendterrain\x64\debug\legendterrain.tlog\link.19104.read.1.tlog
c:\users\labuser\desktop\legendterrain\legendterrain\legendterrain\x64\debug\legendterrain.tlog\link.19104.read.2.tlog
c:\users\labuser\desktop\legendterrain\legendterrain\legendterrain\x64\debug\legendterrain.tlog\link.19104.write.1.tlog
c:\users\labuser\desktop\legendterrain\legendterrain\legendterrain\x64\debug\legendterrain.tlog\link.command.1.tlog
c:\users\labuser\desktop\legendterrain\legendterrain\legendterrain\x64\debug\legendterrain.tlog\link.read.1.tlog
c:\users\labuser\desktop\legendterrain\legendterrain\legendterrain\x64\debug\legendterrain.tlog\link.read.2.tlog
c:\users\labuser\desktop\legendterrain\legendterrain\legendterrain\x64\debug\legendterrain.tlog\link.write.1.tlog
